[Thread-2] 2015-02-19 08:37:35,353 INFO  com.intec.portal.sdk.scheduling.UrlDependencyValidator  - Waiting for dependency readiness
[localhost-startStop-1] 2015-02-19 08:37:36,177 WARN  com.intec.portal.sdk.logging.BlazeDSLog4jLogging  - The class loader could not locate the string resource property file 'flex/messaging/errors_en_ZA.properties'. This may not be an issue if a property file is available for a less specific locale or the default locale.
[localhost-startStop-1] 2015-02-19 08:37:36,179 WARN  com.intec.portal.sdk.logging.BlazeDSLog4jLogging  - The class loader could not locate the string resource property file 'flex/data/errors_en_ZA.properties'. This may not be an issue if a property file is available for a less specific locale or the default locale.
[localhost-startStop-1] 2015-02-19 08:37:36,180 WARN  com.intec.portal.sdk.logging.BlazeDSLog4jLogging  - The class loader could not locate the string resource property file 'flex/messaging/errors_en.properties'. This may not be an issue if a property file is available for a less specific locale or the default locale.
[localhost-startStop-1] 2015-02-19 08:37:36,181 WARN  com.intec.portal.sdk.logging.BlazeDSLog4jLogging  - The class loader could not locate the string resource property file 'flex/data/errors_en.properties'. This may not be an issue if a property file is available for a less specific locale or the default locale.
[localhost-startStop-1] 2015-02-19 08:37:36,187 WARN  com.intec.portal.sdk.logging.BlazeDSLog4jLogging  - The class loader could not locate the string resource property file 'flex/data/errors.properties'. This may not be an issue if a property file is available for a less specific locale or the default locale.
[localhost-startStop-1] 2015-02-19 08:37:36,189 WARN  com.intec.portal.sdk.logging.BlazeDSLog4jLogging  - The class loader could not locate the string resource property file 'flex/messaging/errors_en_ZA.properties'. This may not be an issue if a property file is available for a less specific locale or the default locale.
[localhost-startStop-1] 2015-02-19 08:37:36,190 WARN  com.intec.portal.sdk.logging.BlazeDSLog4jLogging  - The class loader could not locate the string resource property file 'flex/data/errors_en_ZA.properties'. This may not be an issue if a property file is available for a less specific locale or the default locale.
[localhost-startStop-1] 2015-02-19 08:37:36,191 WARN  com.intec.portal.sdk.logging.BlazeDSLog4jLogging  - The class loader could not locate the string resource property file 'flex/messaging/errors_en.properties'. This may not be an issue if a property file is available for a less specific locale or the default locale.
[localhost-startStop-1] 2015-02-19 08:37:36,192 WARN  com.intec.portal.sdk.logging.BlazeDSLog4jLogging  - The class loader could not locate the string resource property file 'flex/data/errors_en.properties'. This may not be an issue if a property file is available for a less specific locale or the default locale.
[localhost-startStop-1] 2015-02-19 08:37:36,194 WARN  com.intec.portal.sdk.logging.BlazeDSLog4jLogging  - The class loader could not locate the string resource property file 'flex/data/errors.properties'. This may not be an issue if a property file is available for a less specific locale or the default locale.
[localhost-startStop-1] 2015-02-19 08:37:36,212 WARN  com.intec.portal.sdk.logging.BlazeDSLog4jLogging  - The class loader could not locate the string resource property file 'flex/messaging/errors_en_ZA.properties'. This may not be an issue if a property file is available for a less specific locale or the default locale.
[localhost-startStop-1] 2015-02-19 08:37:36,216 WARN  com.intec.portal.sdk.logging.BlazeDSLog4jLogging  - The class loader could not locate the string resource property file 'flex/data/errors_en_ZA.properties'. This may not be an issue if a property file is available for a less specific locale or the default locale.
[localhost-startStop-1] 2015-02-19 08:37:36,219 WARN  com.intec.portal.sdk.logging.BlazeDSLog4jLogging  - The class loader could not locate the string resource property file 'flex/messaging/errors_en.properties'. This may not be an issue if a property file is available for a less specific locale or the default locale.
[localhost-startStop-1] 2015-02-19 08:37:36,222 WARN  com.intec.portal.sdk.logging.BlazeDSLog4jLogging  - The class loader could not locate the string resource property file 'flex/data/errors_en.properties'. This may not be an issue if a property file is available for a less specific locale or the default locale.
[localhost-startStop-1] 2015-02-19 08:37:36,225 WARN  com.intec.portal.sdk.logging.BlazeDSLog4jLogging  - The class loader could not locate the string resource property file 'flex/data/errors.properties'. This may not be an issue if a property file is available for a less specific locale or the default locale.
[localhost-startStop-1] 2015-02-19 08:37:36,228 WARN  com.intec.portal.sdk.logging.BlazeDSLog4jLogging  - The class loader could not locate the string resource property file 'flex/messaging/errors_en_ZA.properties'. This may not be an issue if a property file is available for a less specific locale or the default locale.
[localhost-startStop-1] 2015-02-19 08:37:36,230 WARN  com.intec.portal.sdk.logging.BlazeDSLog4jLogging  - The class loader could not locate the string resource property file 'flex/data/errors_en_ZA.properties'. This may not be an issue if a property file is available for a less specific locale or the default locale.
[localhost-startStop-1] 2015-02-19 08:37:36,234 WARN  com.intec.portal.sdk.logging.BlazeDSLog4jLogging  - The class loader could not locate the string resource property file 'flex/messaging/errors_en.properties'. This may not be an issue if a property file is available for a less specific locale or the default locale.
[localhost-startStop-1] 2015-02-19 08:37:36,237 WARN  com.intec.portal.sdk.logging.BlazeDSLog4jLogging  - The class loader could not locate the string resource property file 'flex/data/errors_en.properties'. This may not be an issue if a property file is available for a less specific locale or the default locale.
[localhost-startStop-1] 2015-02-19 08:37:36,241 WARN  com.intec.portal.sdk.logging.BlazeDSLog4jLogging  - The class loader could not locate the string resource property file 'flex/data/errors.properties'. This may not be an issue if a property file is available for a less specific locale or the default locale.
[localhost-startStop-1] 2015-02-19 08:37:36,264 WARN  com.intec.portal.sdk.logging.BlazeDSLog4jLogging  - No login command was found for 'Apache Tomcat/7.0.57'. Please ensure that the login-command tag has the correct server attribute value, or use 'all' to use the login command regardless of the server.
[localhost-startStop-1] 2015-02-19 08:37:36,295 INFO  com.intec.portal.sdk.logging.BlazeDSLog4jLogging  - Endpoint 'my-amf' created with security: None
at URL: http://{server.name}:{server.port}/{context.root}/messagebroker/amf
[localhost-startStop-1] 2015-02-19 08:37:36,316 WARN  org.springframework.flex.messaging.MessageServiceConfigProcessor  - No appropriate default channels were detected for the RemotingService.  The channels must be explicitly set on any exported service.
